I200612 20:55:43.844068 1 util/log/sync_buffer.go:70  [config] file created at: 2020/06/12 20:55:43
I200612 20:55:43.844068 1 util/log/sync_buffer.go:70  [config] running on machine: millionhat-G771JW
I200612 20:55:43.844068 1 util/log/sync_buffer.go:70  [config] binary: CockroachDB CCL v20.1.1 (x86_64-unknown-linux-gnu, built 2020/05/19 14:46:06, go1.13.9)
I200612 20:55:43.844068 1 util/log/sync_buffer.go:70  [config] arguments: [cockroach start --insecure --listen-addr=localhost:8081 --http-addr=localhost:3000]
I200612 20:55:43.844068 1 util/log/sync_buffer.go:70  line format: [IWEF]yymmdd hh:mm:ss.uuuuuu goid file:line msg utf8=✓
I200612 20:55:43.844066 1 cli/start.go:1223  logging to directory /home/millionhat/Documents/Tru/repo/BuscandoPistasS/cockroach-data/logs
W200612 20:55:43.844323 1 cli/start.go:1272  RUNNING IN INSECURE MODE!

- Your cluster is open for any client that can access localhost.
- Any user, even root, can log in without providing a password.
- Any user, connecting as root, can read or write any data in your cluster.
- There is no network encryption nor authentication, and thus no confidentiality.

Check out how to secure your cluster: https://www.cockroachlabs.com/docs/v20.1/secure-a-cluster.html
I200612 20:55:43.844624 1 server/status/recorder.go:597  available memory from cgroups is unsupported, using system memory 7.7 GiB instead: can't read available memory from cgroup v2 at /sys/fs/cgroup/unified/user.slice/user-1000.slice/user@1000.service/memory.max: open /sys/fs/cgroup/unified/user.slice/user-1000.slice/user@1000.service/memory.max: no such file or directory
W200612 20:55:43.844637 1 cli/start.go:1144  Using the default setting for --cache (128 MiB).
  A significantly larger value is usually needed for good performance.
  If you have a dedicated server a reasonable setting is --cache=.25 (1.9 GiB).
I200612 20:55:43.844783 1 server/status/recorder.go:597  available memory from cgroups is unsupported, using system memory 7.7 GiB instead: can't read available memory from cgroup v2 at /sys/fs/cgroup/unified/user.slice/user-1000.slice/user@1000.service/memory.max: open /sys/fs/cgroup/unified/user.slice/user-1000.slice/user@1000.service/memory.max: no such file or directory
I200612 20:55:43.844792 1 cli/start.go:1286  CockroachDB CCL v20.1.1 (x86_64-unknown-linux-gnu, built 2020/05/19 14:46:06, go1.13.9)
W200612 20:55:43.844933 1 cli/start.go:548  running 'cockroach start' without --join is deprecated.
Consider using 'cockroach start-single-node' or 'cockroach init' instead.
I200612 20:55:43.845536 1 server/status/recorder.go:597  available memory from cgroups is unsupported, using system memory 7.7 GiB instead: can't read available memory from cgroup v2 at /sys/fs/cgroup/unified/user.slice/user-1000.slice/user@1000.service/memory.max: open /sys/fs/cgroup/unified/user.slice/user-1000.slice/user@1000.service/memory.max: no such file or directory
I200612 20:55:43.845550 1 server/config.go:404  system total memory: 7.7 GiB
I200612 20:55:43.845579 1 server/config.go:406  server configuration:
max offset             500000000
cache size             128 MiB
SQL memory pool size   1.9 GiB
scan interval          10m0s
scan min idle time     10ms
scan max idle time     1s
event log enabled      true
I200612 20:55:43.845591 1 cli/start.go:1129  process identity: uid 1000 euid 1000 gid 1000 egid 1000
I200612 20:55:43.845622 1 cli/start.go:697  starting cockroach node
I200612 20:55:43.846295 104 storage/rocksdb.go:606  opening rocksdb instance at "/home/millionhat/Documents/Tru/repo/BuscandoPistasS/cockroach-data/cockroach-temp286431398"
I200612 20:55:45.510530 104 server/server.go:1065  [n?] monitoring forward clock jumps based on server.clock.forward_jump_check_enabled
I200612 20:55:45.510968 104 storage/rocksdb.go:606  opening rocksdb instance at "/home/millionhat/Documents/Tru/repo/BuscandoPistasS/cockroach-data"
I200612 20:55:47.577027 104 server/config.go:578  [n?] 1 storage engine initialized
I200612 20:55:47.577080 104 server/config.go:581  [n?] RocksDB cache size: 128 MiB
I200612 20:55:47.577106 104 server/config.go:581  [n?] store 0: RocksDB, max size 0 B, max open file limit 10000
I200612 20:55:48.519017 104 gossip/gossip.go:395  [n1] NodeDescriptor set to node_id:1 address:<network_field:"tcp" address_field:"localhost:8081" > attrs:<> locality:<> ServerVersion:<major_val:20 minor_val:1 patch:0 unstable:0 > build_tag:"v20.1.1" started_at:1591995348518665430 cluster_name:"" sql_address:<network_field:"tcp" address_field:"localhost:8081" > 
W200612 20:55:48.532331 220 kv/kvserver/replica_range_lease.go:554  can't determine lease status due to node liveness error: node not in the liveness table
github.com/cockroachdb/cockroach/pkg/kv/kvserver.init
	/go/src/github.com/cockroachdb/cockroach/pkg/kv/kvserver/node_liveness.go:44
runtime.doInit
	/usr/local/go/src/runtime/proc.go:5222
runtime.doInit
	/usr/local/go/src/runtime/proc.go:5217
runtime.doInit
	/usr/local/go/src/runtime/proc.go:5217
runtime.doInit
	/usr/local/go/src/runtime/proc.go:5217
runtime.main
	/usr/local/go/src/runtime/proc.go:190
runtime.goexit
	/usr/local/go/src/runtime/asm_amd64.s:1357
W200612 20:55:48.532400 220 kv/kvserver/store.go:1627  [n1,s1,r6/1:/Table/{SystemCon…-11}] could not gossip system config: [NotLeaseHolderError] r6: replica (n1,s1):1 not lease holder; lease holder unknown
I200612 20:55:48.532697 104 server/node.go:428  [n1] initialized store [n1,s1]: disk (capacity=76 GiB, available=42 GiB, used=991 KiB, logicalBytes=7.7 MiB), ranges=33, leases=0, queries=0.00, writes=0.00, bytesPerReplica={p10=0.00 p25=0.00 p50=64.00 p75=1491.00 p90=14814.00 pMax=8015409.00}, writesPerReplica={p10=0.00 p25=0.00 p50=0.00 p75=0.00 p90=0.00 pMax=0.00}
I200612 20:55:48.532778 104 kv/kvserver/stores.go:247  [n1] read 0 node addresses from persistent storage
I200612 20:55:48.532892 104 server/node.go:649  [n1] connecting to gossip network to verify cluster ID...
I200612 20:55:48.532911 104 server/node.go:669  [n1] node connected via gossip and verified as part of cluster "61f84c11-0698-446f-9554-aa7d9a2cea5a"
I200612 20:55:48.532976 104 server/node.go:512  [n1] node=1: started with [<no-attributes>=/home/millionhat/Documents/Tru/repo/BuscandoPistasS/cockroach-data] engine(s) and attributes []
I200612 20:55:48.533125 104 server/server.go:1636  [n1] starting http server at 127.0.0.1:3000 (use: localhost:3000)
I200612 20:55:48.533142 262 sql/temporary_schema.go:452  [n1] skipping temporary object cleanup run as it is not the leaseholder
I200612 20:55:48.533195 262 sql/temporary_schema.go:453  [n1] completed temporary object cleanup job
I200612 20:55:48.533216 262 sql/temporary_schema.go:575  [n1] temporary object cleaner next scheduled to run at 2020-06-12 21:25:48.533061107 +0000 UTC
I200612 20:55:48.533225 104 server/server.go:1643  [n1] starting grpc/postgres server at 127.0.0.1:8081
I200612 20:55:48.533239 104 server/server.go:1644  [n1] advertising CockroachDB node at localhost:8081
W200612 20:55:48.580576 220 kv/kvserver/store.go:1627  [n1,s1,r6/1:/Table/{SystemCon…-11}] could not gossip system config: [NotLeaseHolderError] r6: replica (n1,s1):1 not lease holder; lease holder unknown
W200612 20:55:48.675270 220 kv/kvserver/store.go:1627  [n1,s1,r6/1:/Table/{SystemCon…-11}] could not gossip system config: [NotLeaseHolderError] r6: replica (n1,s1):1 not lease holder; lease holder unknown
W200612 20:55:48.852409 220 kv/kvserver/store.go:1627  [n1,s1,r6/1:/Table/{SystemCon…-11}] could not gossip system config: [NotLeaseHolderError] r6: replica (n1,s1):1 not lease holder; lease holder unknown
W200612 20:55:49.164838 55 kv/kvserver/store_raft.go:508  [n1,s1,r2/1:/System/NodeLiveness{-Max}] handle raft ready: 0.6s [applied=3, batches=2, state_assertions=1]
W200612 20:55:49.689043 83 kv/kvserver/node_liveness.go:563  [n1,liveness-hb] slow heartbeat took 1.2s
I200612 20:55:49.689095 83 kv/kvserver/node_liveness.go:478  [n1,liveness-hb] heartbeat failed on epoch increment; retrying
I200612 20:55:49.888763 47 gossip/gossip.go:1527  [n1] node has connected to cluster via gossip
I200612 20:55:49.889326 47 kv/kvserver/stores.go:266  [n1] wrote 0 node addresses to persistent storage
W200612 20:55:49.933868 59 kv/kvserver/store_raft.go:508  [n1,s1,r4/1:/System{/tsd-tse}] handle raft ready: 0.6s [applied=2, batches=1, state_assertions=0]
W200612 20:55:49.933950 60 kv/kvserver/store_raft.go:508  [n1,s1,r3/1:/System/{NodeLive…-tsd}] handle raft ready: 0.6s [applied=3, batches=1, state_assertions=0]
W200612 20:55:50.195288 58 kv/kvserver/store_raft.go:508  [n1,s1,r2/1:/System/NodeLiveness{-Max}] handle raft ready: 0.5s [applied=1, batches=1, state_assertions=0]
W200612 20:55:50.429594 157 kv/kvserver/node_liveness.go:563  [n1,s1,r6/1:/Table/{SystemCon…-11}] slow heartbeat took 1.2s
W200612 20:55:50.429717 280 kv/kvserver/node_liveness.go:563  [n1,s1,r3/1:/System/{NodeLive…-tsd}] slow heartbeat took 1.2s
W200612 20:55:50.429842 290 kv/kvserver/node_liveness.go:563  [n1,s1,r4/1:/System{/tsd-tse}] slow heartbeat took 1.1s
I200612 20:55:50.429958 83 kv/kvserver/node_liveness.go:478  [n1,liveness-hb] heartbeat failed on epoch increment; retrying
W200612 20:55:50.940172 171 kv/kvserver/store_raft.go:508  [n1,s1,r4/1:/System{/tsd-tse}] handle raft ready: 0.5s [applied=1, batches=1, state_assertions=1]
W200612 20:55:50.940827 172 kv/kvserver/store_raft.go:508  [n1,s1,r3/1:/System/{NodeLive…-tsd}] handle raft ready: 0.5s [applied=1, batches=1, state_assertions=1]
W200612 20:55:52.223778 199 kv/kvserver/store_raft.go:508  [n1,s1,r30/1:/Table/3{4-5}] handle raft ready: 0.5s [applied=1, batches=1, state_assertions=1]
W200612 20:55:52.223967 200 kv/kvserver/store_raft.go:508  [n1,s1,r3/1:/System/{NodeLive…-tsd}] handle raft ready: 0.5s [applied=1, batches=1, state_assertions=1]
W200612 20:55:52.754714 206 kv/kvserver/store_raft.go:508  [n1,s1,r30/1:/Table/3{4-5}] handle raft ready: 0.5s [applied=1, batches=1, state_assertions=0]
W200612 20:55:52.754925 213 kv/kvserver/store_raft.go:508  [n1,s1,r3/1:/System/{NodeLive…-tsd}] handle raft ready: 0.5s [applied=1, batches=1, state_assertions=0]
I200612 20:55:52.756383 104 server/server.go:1777  [n1] done ensuring all necessary migrations have run
I200612 20:55:52.756443 104 server/server.go:2019  [n1] serving sql connections
I200612 20:55:52.756638 418 sqlmigrations/migrations.go:668  [n1] starting wait for upgrade finalization before schema change job migration
I200612 20:55:52.756838 104 cli/start.go:857  [config] clusterID: 61f84c11-0698-446f-9554-aa7d9a2cea5a
I200612 20:55:52.757274 418 sqlmigrations/migrations.go:694  [n1] schema change job migration already complete
I200612 20:55:52.757293 104 cli/start.go:866  node startup completed:
CockroachDB node starting at 2020-06-12 20:55:52.756579413 +0000 UTC (took 8.9s)
build:               CCL v20.1.1 @ 2020/05/19 14:46:06 (go1.13.9)
webui:               http://localhost:3000
sql:                 postgresql://root@localhost:8081?sslmode=disable
RPC client flags:    cockroach <client cmd> --host=localhost:8081 --insecure
logs:                /home/millionhat/Documents/Tru/repo/BuscandoPistasS/cockroach-data/logs
temp dir:            /home/millionhat/Documents/Tru/repo/BuscandoPistasS/cockroach-data/cockroach-temp286431398
external I/O path:   /home/millionhat/Documents/Tru/repo/BuscandoPistasS/cockroach-data/extern
store[0]:            path=/home/millionhat/Documents/Tru/repo/BuscandoPistasS/cockroach-data
storage engine:      rocksdb
status:              restarted pre-existing node
clusterID:           61f84c11-0698-446f-9554-aa7d9a2cea5a
nodeID:              1
W200612 20:55:52.985498 212 kv/kvserver/store_raft.go:508  [n1,s1,r4/1:/System{/tsd-tse}] handle raft ready: 0.5s [applied=1, batches=1, state_assertions=0]
W200612 20:55:53.399920 206 kv/kvserver/store_raft.go:508  [n1,s1,r30/1:/Table/3{4-5}] handle raft ready: 0.6s [applied=1, batches=1, state_assertions=0]
W200612 20:55:53.400127 213 kv/kvserver/store_raft.go:508  [n1,s1,r3/1:/System/{NodeLive…-tsd}] handle raft ready: 0.6s [applied=1, batches=1, state_assertions=0]
W200612 20:55:53.400310 168 kv/kvserver/store_raft.go:508  [n1,s1,r2/1:/System/NodeLiveness{-Max}] handle raft ready: 0.6s [applied=1, batches=1, state_assertions=0]
W200612 20:55:53.703252 164 kv/kvserver/store_raft.go:508  [n1,s1,r1/1:/{Min-System/NodeL…}] handle raft ready: 0.7s [applied=1, batches=1, state_assertions=1]
W200612 20:55:53.703252 212 kv/kvserver/store_raft.go:508  [n1,s1,r4/1:/System{/tsd-tse}] handle raft ready: 0.5s [applied=1, batches=1, state_assertions=0]
W200612 20:55:53.965252 168 kv/kvserver/store_raft.go:508  [n1,s1,r2/1:/System/NodeLiveness{-Max}] handle raft ready: 0.6s [applied=1, batches=1, state_assertions=0]
W200612 20:55:53.965410 206 kv/kvserver/store_raft.go:508  [n1,s1,r30/1:/Table/3{4-5}] handle raft ready: 0.6s [applied=1, batches=1, state_assertions=1]
W200612 20:55:53.966621 166 kv/kvserver/store_raft.go:508  [n1,s1,r6/1:/Table/{SystemCon…-11}] handle raft ready: 0.6s [applied=1, batches=1, state_assertions=1]
I200612 20:55:53.972934 320 server/server_update.go:55  [n1] no need to upgrade, cluster already at the newest version
W200612 20:55:54.256441 164 kv/kvserver/store_raft.go:508  [n1,s1,r1/1:/{Min-System/NodeL…}] handle raft ready: 0.6s [applied=1, batches=1, state_assertions=0]
W200612 20:55:54.256464 183 kv/kvserver/store_raft.go:508  [n1,s1,r13/1:/Table/1{7-8}] handle raft ready: 0.5s [applied=2, batches=1, state_assertions=0]
W200612 20:55:54.757055 166 kv/kvserver/store_raft.go:508  [n1,s1,r6/1:/Table/{SystemCon…-11}] handle raft ready: 0.8s [applied=1, batches=1, state_assertions=0]
W200612 20:55:54.757260 196 kv/kvserver/store_raft.go:508  [n1,s1,r8/1:/Table/1{2-3}] handle raft ready: 0.6s [applied=2, batches=1, state_assertions=0]
W200612 20:55:54.757288 192 kv/kvserver/store_raft.go:508  [n1,s1,r31/1:/Table/3{5-6}] handle raft ready: 0.6s [applied=2, batches=1, state_assertions=0]
W200612 20:55:54.757288 194 kv/kvserver/store_raft.go:508  [n1,s1,r7/1:/Table/1{1-2}] handle raft ready: 0.6s [applied=2, batches=1, state_assertions=0]
W200612 20:55:54.757460 197 kv/kvserver/store_raft.go:508  [n1,s1,r27/1:/{NamespaceTab…-Table/32}] handle raft ready: 0.6s [applied=2, batches=1, state_assertions=0]
W200612 20:55:54.758445 187 kv/kvserver/store_raft.go:508  [n1,s1,r2/1:/System/NodeLiveness{-Max}] handle raft ready: 0.8s [applied=2, batches=2, state_assertions=1]
W200612 20:55:55.256141 214 kv/kvserver/store_raft.go:508  [n1,s1,r24/1:/Table/2{8-9}] handle raft ready: 0.5s [applied=2, batches=1, state_assertions=0]
W200612 20:55:55.737352 187 kv/kvserver/store_raft.go:508  [n1,s1,r2/1:/System/NodeLiveness{-Max}] handle raft ready: 1.0s [applied=1, batches=1, state_assertions=0]
W200612 20:55:55.737749 60 kv/kvserver/store_raft.go:508  [n1,s1,r31/1:/Table/3{5-6}] handle raft ready: 1.0s [applied=1, batches=1, state_assertions=1]
W200612 20:55:55.737888 55 kv/kvserver/store_raft.go:508  [n1,s1,r27/1:/{NamespaceTab…-Table/32}] handle raft ready: 1.0s [applied=1, batches=1, state_assertions=1]
W200612 20:55:55.737949 162 kv/kvserver/store_raft.go:508  [n1,s1,r7/1:/Table/1{1-2}] handle raft ready: 1.0s [applied=1, batches=1, state_assertions=1]
W200612 20:55:55.738362 62 kv/kvserver/store_raft.go:508  [n1,s1,r8/1:/Table/1{2-3}] handle raft ready: 1.0s [applied=1, batches=1, state_assertions=1]
W200612 20:55:55.738545 176 kv/kvserver/store_raft.go:508  [n1,s1,r13/1:/Table/1{7-8}] handle raft ready: 1.0s [applied=1, batches=1, state_assertions=1]
W200612 20:55:56.289108 189 kv/kvserver/store_raft.go:508  [n1,s1,r8/1:/Table/1{2-3}] handle raft ready: 0.5s [applied=1, batches=1, state_assertions=0]
W200612 20:55:56.289275 177 kv/kvserver/store_raft.go:508  [n1,s1,r13/1:/Table/1{7-8}] handle raft ready: 0.5s [applied=1, batches=1, state_assertions=0]
W200612 20:55:56.289356 195 kv/kvserver/store_raft.go:508  [n1,s1,r7/1:/Table/1{1-2}] handle raft ready: 0.5s [applied=1, batches=1, state_assertions=0]
I200612 20:55:56.289804 504 sql/lease.go:1971  released orphaned table lease: {id:23 version:1 expiration:{Time:{wall:779850000 ext:63727489956 loc:<nil>}}}
W200612 20:55:56.826771 189 kv/kvserver/store_raft.go:508  [n1,s1,r8/1:/Table/1{2-3}] handle raft ready: 0.5s [applied=2, batches=1, state_assertions=0]
W200612 20:55:56.826904 195 kv/kvserver/store_raft.go:508  [n1,s1,r7/1:/Table/1{1-2}] handle raft ready: 0.5s [applied=4, batches=1, state_assertions=0]
I200612 20:55:56.827054 506 sql/lease.go:1971  released orphaned table lease: {id:53 version:1 expiration:{Time:{wall:268947000 ext:63727489956 loc:<nil>}}}
I200612 20:55:56.827095 505 sql/lease.go:1971  released orphaned table lease: {id:30 version:1 expiration:{Time:{wall:395409000 ext:63727489970 loc:<nil>}}}
I200612 20:55:56.827175 503 sql/lease.go:1971  released orphaned table lease: {id:2 version:1 expiration:{Time:{wall:902310000 ext:63727489959 loc:<nil>}}}
W200612 20:55:57.073652 177 kv/kvserver/store_raft.go:508  [n1,s1,r13/1:/Table/1{7-8}] handle raft ready: 0.5s [applied=1, batches=1, state_assertions=1]
I200612 20:55:57.312563 419 sql/event_log.go:132  [n1] Event: "node_restart", target: 1, info: {Descriptor:{NodeID:1 Address:localhost:8081 Attrs: Locality: ServerVersion:20.1 BuildTag:v20.1.1 StartedAt:1591995348518665430 LocalityAddress:[] ClusterName: SQLAddress:localhost:8081} ClusterID:61f84c11-0698-446f-9554-aa7d9a2cea5a StartedAt:1591995348518665430 LastUp:1591892998700142414}
I200612 20:55:58.534917 264 server/status/runtime.go:498  [n1] runtime stats: 116 MiB RSS, 186 goroutines, 66 MiB/55 MiB/81 MiB GO alloc/idle/total, 16 MiB/23 MiB CGO alloc/total, 0.0 CGO/sec, 0.0/0.0 %(u/s)time, 0.0 %gc (8x), 13 KiB/9.2 KiB (r/w)net
W200612 20:55:58.581356 171 kv/kvserver/store_raft.go:508  [n1,s1,r8/1:/Table/1{2-3}] handle raft ready: 0.5s [applied=1, batches=1, state_assertions=0]
W200612 20:56:02.570274 55 kv/kvserver/store_raft.go:508  [n1,s1,r2/1:/System/NodeLiveness{-Max}] handle raft ready: 0.5s [applied=1, batches=1, state_assertions=0]
W200612 20:56:02.822757 168 kv/kvserver/store_raft.go:508  [n1,s1,r1/1:/{Min-System/NodeL…}] handle raft ready: 0.5s [applied=1, batches=1, state_assertions=0]
W200612 20:56:03.070403 55 kv/kvserver/store_raft.go:508  [n1,s1,r2/1:/System/NodeLiveness{-Max}] handle raft ready: 0.5s [applied=1, batches=1, state_assertions=0]
W200612 20:56:05.366612 207 kv/kvserver/store_raft.go:508  [n1,s1,r2/1:/System/NodeLiveness{-Max}] handle raft ready: 0.5s [applied=1, batches=1, state_assertions=0]
W200612 20:56:07.220530 183 kv/kvserver/store_raft.go:508  [n1,s1,r4/1:/System{/tsd-tse}] handle raft ready: 0.7s [applied=1, batches=1, state_assertions=0]
W200612 20:56:07.455470 203 kv/kvserver/store_raft.go:508  [n1,s1,r2/1:/System/NodeLiveness{-Max}] handle raft ready: 0.5s [applied=2, batches=2, state_assertions=1]
W200612 20:56:07.726195 183 kv/kvserver/store_raft.go:508  [n1,s1,r4/1:/System{/tsd-tse}] handle raft ready: 0.5s [applied=2, batches=1, state_assertions=0]
I200612 20:56:08.533718 258 kv/kvserver/store.go:2470  [n1,s1] sstables (read amplification = 1):
0 [ 326K 1 ]: 326K
I200612 20:56:08.533817 258 kv/kvserver/store.go:2471  [n1,s1] 
** Compaction Stats [default] **
Level    Files   Size     Score Read(GB)  Rn(GB) Rnp1(GB) Write(GB) Wnew(GB) Moved(GB) W-Amp Rd(MB/s) Wr(MB/s) Comp(sec) CompMergeCPU(sec) Comp(cnt) Avg(sec) KeyIn KeyDrop
----------------------------------------------------------------------------------------------------------------------------------------------------------------------------
  L0      1/0   326.00 KB   0.5      0.0     0.0      0.0       0.0      0.0       0.0   1.8      0.3      0.6      1.22              0.02         2    0.608    7948   4761
 Sum      1/0   326.00 KB   0.0      0.0     0.0      0.0       0.0      0.0       0.0   1.8      0.3      0.6      1.22              0.02         2    0.608    7948   4761
 Int      0/0    0.00 KB   0.0      0.0     0.0      0.0       0.0      0.0       0.0   1.8      0.3      0.6      1.22              0.02         2    0.608    7948   4761

** Compaction Stats [default] **
Priority    Files   Size     Score Read(GB)  Rn(GB) Rnp1(GB) Write(GB) Wnew(GB) Moved(GB) W-Amp Rd(MB/s) Wr(MB/s) Comp(sec) CompMergeCPU(sec) Comp(cnt) Avg(sec) KeyIn KeyDrop
-------------------------------------------------------------------------------------------------------------------------------------------------------------------------------
 Low      0/0    0.00 KB   0.0      0.0     0.0      0.0       0.0     -0.0       0.0   0.0      0.7      0.6      0.55              0.02         1    0.548    7948   4761
User      0/0    0.00 KB   0.0      0.0     0.0      0.0       0.0      0.0       0.0   0.0      0.0      0.6      0.67              0.00         1    0.668       0      0
Uptime(secs): 23.0 total, 23.0 interval
Flush(GB): cumulative 0.000, interval 0.000
AddFile(GB): cumulative 0.000, interval 0.000
AddFile(Total Files): cumulative 0, interval 0
AddFile(L0 Files): cumulative 0, interval 0
AddFile(Keys): cumulative 0, interval 0
Cumulative compaction: 0.00 GB write, 0.03 MB/s write, 0.00 GB read, 0.02 MB/s read, 1.2 seconds
Interval compaction: 0.00 GB write, 0.03 MB/s write, 0.00 GB read, 0.02 MB/s read, 1.2 seconds
Stalls(count): 0 level0_slowdown, 0 level0_slowdown_with_compaction, 0 level0_numfiles, 0 level0_numfiles_with_compaction, 0 stop for pending_compaction_bytes, 0 slowdown for pending_compaction_bytes, 0 memtable_compaction, 0 memtable_slowdown, interval 0 total count
estimated_pending_compaction_bytes: 0 B
I200612 20:56:08.534106 264 server/status/runtime.go:498  [n1] runtime stats: 127 MiB RSS, 181 goroutines, 76 MiB/45 MiB/91 MiB GO alloc/idle/total, 19 MiB/27 MiB CGO alloc/total, 271.7 CGO/sec, 1.4/0.7 %(u/s)time, 0.0 %gc (0x), 2.7 KiB/3.6 KiB (r/w)net
W200612 20:56:09.396830 175 kv/kvserver/store_raft.go:508  [n1,s1,r1/1:/{Min-System/NodeL…}] handle raft ready: 0.6s [applied=1, batches=1, state_assertions=1]
W200612 20:56:11.560755 166 kv/kvserver/store_raft.go:508  [n1,s1,r2/1:/System/NodeLiveness{-Max}] handle raft ready: 0.5s [applied=1, batches=1, state_assertions=0]
I200612 20:56:18.534093 264 server/status/runtime.go:498  [n1] runtime stats: 133 MiB RSS, 181 goroutines, 52 MiB/66 MiB/97 MiB GO alloc/idle/total, 20 MiB/27 MiB CGO alloc/total, 33.9 CGO/sec, 0.9/0.3 %(u/s)time, 0.0 %gc (1x), 1.4 KiB/1.5 KiB (r/w)net
I200612 20:56:28.535783 264 server/status/runtime.go:498  [n1] runtime stats: 136 MiB RSS, 182 goroutines, 60 MiB/59 MiB/97 MiB GO alloc/idle/total, 20 MiB/27 MiB CGO alloc/total, 35.5 CGO/sec, 1.0/0.1 %(u/s)time, 0.0 %gc (0x), 1.2 KiB/1.3 KiB (r/w)net
I200612 20:56:38.535614 264 server/status/runtime.go:498  [n1] runtime stats: 137 MiB RSS, 182 goroutines, 69 MiB/52 MiB/97 MiB GO alloc/idle/total, 20 MiB/28 MiB CGO alloc/total, 60.5 CGO/sec, 1.7/0.3 %(u/s)time, 0.0 %gc (0x), 22 KiB/24 KiB (r/w)net
I200612 20:56:48.533400 259 gossip/gossip.go:567  [n1] gossip status (ok, 1 node)
gossip client (0/3 cur/max conns)
gossip server (0/3 cur/max conns, infos 0/0 sent/received, bytes 0B/0B sent/received)
gossip connectivity
  n1 [sentinel];
I200612 20:56:48.535695 264 server/status/runtime.go:498  [n1] runtime stats: 140 MiB RSS, 182 goroutines, 76 MiB/44 MiB/97 MiB GO alloc/idle/total, 20 MiB/28 MiB CGO alloc/total, 37.1 CGO/sec, 1.4/0.5 %(u/s)time, 0.0 %gc (0x), 3.3 KiB/3.1 KiB (r/w)net
I200612 20:56:53.088574 1334 jobs/registry.go:806  [n1] job 563363881808297985: stepping through state running with error <nil>
I200612 20:56:53.378574 1334 jobs/registry.go:806  [n1] job 563363881808297985: stepping through state succeeded with error <nil>
I200612 20:56:53.546671 1334 jobs/registry.go:961  [n1] job 563363881808297985: status succeeded after adoption finished
I200612 20:56:58.536096 264 server/status/runtime.go:498  [n1] runtime stats: 149 MiB RSS, 181 goroutines, 90 MiB/31 MiB/105 MiB GO alloc/idle/total, 20 MiB/28 MiB CGO alloc/total, 128.4 CGO/sec, 2.4/0.5 %(u/s)time, 0.0 %gc (0x), 1.5 KiB/1.5 KiB (r/w)net
I200612 20:57:08.536360 264 server/status/runtime.go:498  [n1] runtime stats: 153 MiB RSS, 181 goroutines, 54 MiB/63 MiB/109 MiB GO alloc/idle/total, 21 MiB/29 MiB CGO alloc/total, 25.9 CGO/sec, 2.0/0.3 %(u/s)time, 0.0 %gc (1x), 7.6 KiB/6.7 KiB (r/w)net
I200612 20:57:18.536268 264 server/status/runtime.go:498  [n1] runtime stats: 154 MiB RSS, 183 goroutines, 62 MiB/56 MiB/109 MiB GO alloc/idle/total, 21 MiB/29 MiB CGO alloc/total, 27.6 CGO/sec, 1.6/0.4 %(u/s)time, 0.0 %gc (0x), 1.9 KiB/1.9 KiB (r/w)net
I200612 20:57:28.536676 264 server/status/runtime.go:498  [n1] runtime stats: 154 MiB RSS, 182 goroutines, 69 MiB/50 MiB/109 MiB GO alloc/idle/total, 21 MiB/29 MiB CGO alloc/total, 30.7 CGO/sec, 1.4/0.2 %(u/s)time, 0.0 %gc (0x), 8.4 KiB/6.0 KiB (r/w)net
I200612 20:57:38.535911 264 server/status/runtime.go:498  [n1] runtime stats: 154 MiB RSS, 182 goroutines, 77 MiB/43 MiB/109 MiB GO alloc/idle/total, 21 MiB/29 MiB CGO alloc/total, 25.6 CGO/sec, 1.3/0.5 %(u/s)time, 0.0 %gc (0x), 3.2 KiB/3.7 KiB (r/w)net
I200612 20:57:48.533609 259 gossip/gossip.go:567  [n1] gossip status (ok, 1 node)
gossip client (0/3 cur/max conns)
gossip server (0/3 cur/max conns, infos 0/0 sent/received, bytes 0B/0B sent/received)
I200612 20:57:48.536675 264 server/status/runtime.go:498  [n1] runtime stats: 155 MiB RSS, 183 goroutines, 84 MiB/36 MiB/109 MiB GO alloc/idle/total, 21 MiB/29 MiB CGO alloc/total, 21.7 CGO/sec, 1.4/0.3 %(u/s)time, 0.0 %gc (0x), 7.6 KiB/6.6 KiB (r/w)net
I200612 20:57:58.537001 264 server/status/runtime.go:498  [n1] runtime stats: 158 MiB RSS, 181 goroutines, 92 MiB/29 MiB/109 MiB GO alloc/idle/total, 21 MiB/29 MiB CGO alloc/total, 59.4 CGO/sec, 2.1/0.2 %(u/s)time, 0.0 %gc (0x), 78 KiB/18 KiB (r/w)net
I200612 20:58:08.537293 264 server/status/runtime.go:498  [n1] runtime stats: 161 MiB RSS, 181 goroutines, 56 MiB/61 MiB/111 MiB GO alloc/idle/total, 21 MiB/29 MiB CGO alloc/total, 35.3 CGO/sec, 2.1/0.5 %(u/s)time, 0.0 %gc (1x), 75 KiB/15 KiB (r/w)net
I200612 20:58:18.537501 264 server/status/runtime.go:498  [n1] runtime stats: 161 MiB RSS, 181 goroutines, 64 MiB/55 MiB/111 MiB GO alloc/idle/total, 21 MiB/30 MiB CGO alloc/total, 34.2 CGO/sec, 1.9/0.3 %(u/s)time, 0.0 %gc (0x), 65 KiB/9.7 KiB (r/w)net
I200612 20:58:28.536735 264 server/status/runtime.go:498  [n1] runtime stats: 162 MiB RSS, 182 goroutines, 72 MiB/48 MiB/111 MiB GO alloc/idle/total, 21 MiB/30 MiB CGO alloc/total, 35.1 CGO/sec, 1.8/0.3 %(u/s)time, 0.0 %gc (0x), 57 KiB/10 KiB (r/w)net
I200612 20:58:38.536861 264 server/status/runtime.go:498  [n1] runtime stats: 162 MiB RSS, 182 goroutines, 79 MiB/41 MiB/111 MiB GO alloc/idle/total, 21 MiB/30 MiB CGO alloc/total, 25.3 CGO/sec, 1.8/0.2 %(u/s)time, 0.0 %gc (0x), 3.1 KiB/3.9 KiB (r/w)net
I200612 20:58:48.533362 259 gossip/gossip.go:567  [n1] gossip status (ok, 1 node)
gossip client (0/3 cur/max conns)
gossip server (0/3 cur/max conns, infos 0/0 sent/received, bytes 0B/0B sent/received)
I200612 20:58:48.537037 264 server/status/runtime.go:498  [n1] runtime stats: 162 MiB RSS, 184 goroutines, 86 MiB/35 MiB/111 MiB GO alloc/idle/total, 21 MiB/30 MiB CGO alloc/total, 23.0 CGO/sec, 1.4/0.2 %(u/s)time, 0.0 %gc (0x), 7.5 KiB/5.5 KiB (r/w)net
I200612 20:58:58.536788 264 server/status/runtime.go:498  [n1] runtime stats: 163 MiB RSS, 181 goroutines, 49 MiB/67 MiB/111 MiB GO alloc/idle/total, 21 MiB/30 MiB CGO alloc/total, 61.0 CGO/sec, 1.8/0.5 %(u/s)time, 0.0 %gc (1x), 2.1 KiB/2.3 KiB (r/w)net
I200612 20:59:08.537112 264 server/status/runtime.go:498  [n1] runtime stats: 163 MiB RSS, 181 goroutines, 57 MiB/60 MiB/111 MiB GO alloc/idle/total, 21 MiB/30 MiB CGO alloc/total, 21.5 CGO/sec, 1.3/0.3 %(u/s)time, 0.0 %gc (0x), 9.7 KiB/10 KiB (r/w)net
I200612 20:59:18.537916 264 server/status/runtime.go:498  [n1] runtime stats: 163 MiB RSS, 181 goroutines, 64 MiB/54 MiB/111 MiB GO alloc/idle/total, 21 MiB/30 MiB CGO alloc/total, 24.0 CGO/sec, 1.5/0.4 %(u/s)time, 0.0 %gc (0x), 17 KiB/10 KiB (r/w)net
I200612 20:59:28.538503 264 server/status/runtime.go:498  [n1] runtime stats: 164 MiB RSS, 182 goroutines, 72 MiB/48 MiB/111 MiB GO alloc/idle/total, 21 MiB/30 MiB CGO alloc/total, 30.4 CGO/sec, 1.4/0.1 %(u/s)time, 0.0 %gc (0x), 747 KiB/60 KiB (r/w)net
I200612 20:59:38.538729 264 server/status/runtime.go:498  [n1] runtime stats: 164 MiB RSS, 182 goroutines, 79 MiB/40 MiB/111 MiB GO alloc/idle/total, 21 MiB/30 MiB CGO alloc/total, 29.2 CGO/sec, 1.6/0.3 %(u/s)time, 0.0 %gc (0x), 57 KiB/38 KiB (r/w)net
I200612 20:59:48.533333 259 gossip/gossip.go:567  [n1] gossip status (ok, 1 node)
gossip client (0/3 cur/max conns)
gossip server (0/3 cur/max conns, infos 0/0 sent/received, bytes 0B/0B sent/received)
I200612 20:59:48.537968 264 server/status/runtime.go:498  [n1] runtime stats: 164 MiB RSS, 182 goroutines, 86 MiB/34 MiB/111 MiB GO alloc/idle/total, 21 MiB/30 MiB CGO alloc/total, 23.6 CGO/sec, 1.2/0.3 %(u/s)time, 0.0 %gc (0x), 197 KiB/70 KiB (r/w)net
I200612 20:59:58.538939 264 server/status/runtime.go:498  [n1] runtime stats: 165 MiB RSS, 181 goroutines, 50 MiB/66 MiB/111 MiB GO alloc/idle/total, 21 MiB/30 MiB CGO alloc/total, 56.9 CGO/sec, 2.1/0.1 %(u/s)time, 0.0 %gc (1x), 155 KiB/40 KiB (r/w)net
I200612 21:00:08.539415 264 server/status/runtime.go:498  [n1] runtime stats: 165 MiB RSS, 181 goroutines, 57 MiB/60 MiB/111 MiB GO alloc/idle/total, 21 MiB/30 MiB CGO alloc/total, 25.9 CGO/sec, 1.2/0.4 %(u/s)time, 0.0 %gc (0x), 6.2 KiB/8.0 KiB (r/w)net
I200612 21:00:18.538216 264 server/status/runtime.go:498  [n1] runtime stats: 165 MiB RSS, 181 goroutines, 64 MiB/54 MiB/111 MiB GO alloc/idle/total, 21 MiB/30 MiB CGO alloc/total, 26.6 CGO/sec, 1.5/0.1 %(u/s)time, 0.0 %gc (0x), 5.9 KiB/9.2 KiB (r/w)net
I200612 21:00:28.539052 264 server/status/runtime.go:498  [n1] runtime stats: 166 MiB RSS, 182 goroutines, 72 MiB/48 MiB/111 MiB GO alloc/idle/total, 21 MiB/30 MiB CGO alloc/total, 31.4 CGO/sec, 1.5/0.2 %(u/s)time, 0.0 %gc (0x), 3.2 KiB/4.0 KiB (r/w)net
I200612 21:00:38.538265 264 server/status/runtime.go:498  [n1] runtime stats: 166 MiB RSS, 182 goroutines, 79 MiB/41 MiB/111 MiB GO alloc/idle/total, 21 MiB/30 MiB CGO alloc/total, 21.7 CGO/sec, 1.3/0.1 %(u/s)time, 0.0 %gc (0x), 8.7 KiB/14 KiB (r/w)net
I200612 21:00:48.533581 259 gossip/gossip.go:567  [n1] gossip status (ok, 1 node)
gossip client (0/3 cur/max conns)
gossip server (0/3 cur/max conns, infos 0/0 sent/received, bytes 0B/0B sent/received)
I200612 21:00:48.538811 264 server/status/runtime.go:498  [n1] runtime stats: 167 MiB RSS, 182 goroutines, 87 MiB/34 MiB/111 MiB GO alloc/idle/total, 21 MiB/30 MiB CGO alloc/total, 43.7 CGO/sec, 1.7/0.3 %(u/s)time, 0.0 %gc (0x), 21 KiB/18 KiB (r/w)net
I200612 21:00:58.539716 264 server/status/runtime.go:498  [n1] runtime stats: 167 MiB RSS, 181 goroutines, 50 MiB/66 MiB/111 MiB GO alloc/idle/total, 21 MiB/30 MiB CGO alloc/total, 52.5 CGO/sec, 1.8/0.3 %(u/s)time, 0.0 %gc (1x), 3.4 KiB/3.9 KiB (r/w)net
I200612 21:01:08.540196 264 server/status/runtime.go:498  [n1] runtime stats: 167 MiB RSS, 181 goroutines, 58 MiB/60 MiB/111 MiB GO alloc/idle/total, 21 MiB/30 MiB CGO alloc/total, 31.4 CGO/sec, 1.6/0.4 %(u/s)time, 0.0 %gc (0x), 2.6 KiB/3.0 KiB (r/w)net
I200612 21:01:18.539299 264 server/status/runtime.go:498  [n1] runtime stats: 168 MiB RSS, 181 goroutines, 65 MiB/54 MiB/111 MiB GO alloc/idle/total, 21 MiB/30 MiB CGO alloc/total, 23.3 CGO/sec, 1.2/0.2 %(u/s)time, 0.0 %gc (0x), 8.3 KiB/7.2 KiB (r/w)net
I200612 21:01:28.540689 264 server/status/runtime.go:498  [n1] runtime stats: 168 MiB RSS, 182 goroutines, 72 MiB/48 MiB/111 MiB GO alloc/idle/total, 29 MiB/38 MiB CGO alloc/total, 28.6 CGO/sec, 1.5/0.2 %(u/s)time, 0.0 %gc (0x), 89 KiB/19 KiB (r/w)net
I200612 21:01:38.540048 264 server/status/runtime.go:498  [n1] runtime stats: 169 MiB RSS, 182 goroutines, 79 MiB/41 MiB/111 MiB GO alloc/idle/total, 29 MiB/38 MiB CGO alloc/total, 30.2 CGO/sec, 1.3/0.4 %(u/s)time, 0.0 %gc (0x), 144 KiB/20 KiB (r/w)net
I200612 21:01:48.533286 259 gossip/gossip.go:567  [n1] gossip status (ok, 1 node)
gossip client (0/3 cur/max conns)
gossip server (0/3 cur/max conns, infos 0/0 sent/received, bytes 0B/0B sent/received)
I200612 21:01:48.539764 264 server/status/runtime.go:498  [n1] runtime stats: 169 MiB RSS, 182 goroutines, 86 MiB/34 MiB/111 MiB GO alloc/idle/total, 29 MiB/38 MiB CGO alloc/total, 24.0 CGO/sec, 1.4/0.4 %(u/s)time, 0.0 %gc (0x), 5.0 KiB/8.3 KiB (r/w)net
I200612 21:01:58.541545 264 server/status/runtime.go:498  [n1] runtime stats: 169 MiB RSS, 181 goroutines, 95 MiB/27 MiB/111 MiB GO alloc/idle/total, 29 MiB/38 MiB CGO alloc/total, 54.5 CGO/sec, 2.0/0.2 %(u/s)time, 0.0 %gc (0x), 8.1 KiB/5.1 KiB (r/w)net
I200612 21:02:08.540250 264 server/status/runtime.go:498  [n1] runtime stats: 170 MiB RSS, 181 goroutines, 58 MiB/59 MiB/112 MiB GO alloc/idle/total, 29 MiB/38 MiB CGO alloc/total, 26.1 CGO/sec, 2.0/0.1 %(u/s)time, 0.0 %gc (1x), 2.2 KiB/2.7 KiB (r/w)net
I200612 21:02:18.541736 264 server/status/runtime.go:498  [n1] runtime stats: 170 MiB RSS, 181 goroutines, 66 MiB/52 MiB/112 MiB GO alloc/idle/total, 29 MiB/38 MiB CGO alloc/total, 25.6 CGO/sec, 1.2/0.3 %(u/s)time, 0.0 %gc (0x), 3.1 KiB/3.8 KiB (r/w)net
I200612 21:02:28.540635 264 server/status/runtime.go:498  [n1] runtime stats: 170 MiB RSS, 182 goroutines, 73 MiB/46 MiB/112 MiB GO alloc/idle/total, 29 MiB/38 MiB CGO alloc/total, 25.8 CGO/sec, 1.5/0.3 %(u/s)time, 0.0 %gc (0x), 3.7 KiB/5.5 KiB (r/w)net
I200612 21:02:38.541204 264 server/status/runtime.go:498  [n1] runtime stats: 171 MiB RSS, 182 goroutines, 80 MiB/39 MiB/112 MiB GO alloc/idle/total, 29 MiB/39 MiB CGO alloc/total, 29.7 CGO/sec, 1.3/0.5 %(u/s)time, 0.0 %gc (0x), 9.4 KiB/9.6 KiB (r/w)net
I200612 21:02:48.533275 259 gossip/gossip.go:567  [n1] gossip status (ok, 1 node)
gossip client (0/3 cur/max conns)
gossip server (0/3 cur/max conns, infos 0/0 sent/received, bytes 0B/0B sent/received)
I200612 21:02:48.541282 264 server/status/runtime.go:498  [n1] runtime stats: 171 MiB RSS, 182 goroutines, 88 MiB/32 MiB/112 MiB GO alloc/idle/total, 29 MiB/39 MiB CGO alloc/total, 27.5 CGO/sec, 1.5/0.5 %(u/s)time, 0.0 %gc (0x), 3.9 KiB/5.4 KiB (r/w)net
I200612 21:02:58.541874 264 server/status/runtime.go:498  [n1] runtime stats: 172 MiB RSS, 181 goroutines, 96 MiB/25 MiB/112 MiB GO alloc/idle/total, 29 MiB/39 MiB CGO alloc/total, 56.1 CGO/sec, 2.2/0.3 %(u/s)time, 0.0 %gc (0x), 7.0 KiB/5.9 KiB (r/w)net
I200612 21:03:08.542462 264 server/status/runtime.go:498  [n1] runtime stats: 173 MiB RSS, 181 goroutines, 56 MiB/61 MiB/114 MiB GO alloc/idle/total, 29 MiB/39 MiB CGO alloc/total, 23.6 CGO/sec, 2.1/0.3 %(u/s)time, 0.0 %gc (1x), 3.7 KiB/6.1 KiB (r/w)net
I200612 21:03:18.542199 264 server/status/runtime.go:498  [n1] runtime stats: 174 MiB RSS, 182 goroutines, 64 MiB/54 MiB/114 MiB GO alloc/idle/total, 29 MiB/39 MiB CGO alloc/total, 37.0 CGO/sec, 1.8/0.2 %(u/s)time, 0.0 %gc (0x), 2.1 KiB/2.1 KiB (r/w)net
I200612 21:03:28.542015 264 server/status/runtime.go:498  [n1] runtime stats: 174 MiB RSS, 182 goroutines, 72 MiB/48 MiB/114 MiB GO alloc/idle/total, 29 MiB/39 MiB CGO alloc/total, 28.8 CGO/sec, 1.5/0.3 %(u/s)time, 0.0 %gc (0x), 2.5 KiB/2.6 KiB (r/w)net
I200612 21:03:38.542645 264 server/status/runtime.go:498  [n1] runtime stats: 174 MiB RSS, 182 goroutines, 79 MiB/41 MiB/114 MiB GO alloc/idle/total, 29 MiB/39 MiB CGO alloc/total, 26.1 CGO/sec, 1.4/0.3 %(u/s)time, 0.0 %gc (0x), 6.7 KiB/5.5 KiB (r/w)net
I200612 21:03:48.533442 259 gossip/gossip.go:567  [n1] gossip status (ok, 1 node)
gossip client (0/3 cur/max conns)
gossip server (0/3 cur/max conns, infos 0/0 sent/received, bytes 0B/0B sent/received)
I200612 21:03:48.542758 264 server/status/runtime.go:498  [n1] runtime stats: 174 MiB RSS, 182 goroutines, 86 MiB/34 MiB/114 MiB GO alloc/idle/total, 29 MiB/39 MiB CGO alloc/total, 23.3 CGO/sec, 1.2/0.4 %(u/s)time, 0.0 %gc (0x), 3.0 KiB/3.1 KiB (r/w)net
I200612 21:03:58.544184 264 server/status/runtime.go:498  [n1] runtime stats: 174 MiB RSS, 181 goroutines, 94 MiB/27 MiB/114 MiB GO alloc/idle/total, 29 MiB/39 MiB CGO alloc/total, 55.3 CGO/sec, 1.8/0.3 %(u/s)time, 0.0 %gc (0x), 6.3 KiB/6.3 KiB (r/w)net
I200612 21:04:08.543210 264 server/status/runtime.go:498  [n1] runtime stats: 175 MiB RSS, 181 goroutines, 56 MiB/61 MiB/114 MiB GO alloc/idle/total, 29 MiB/39 MiB CGO alloc/total, 25.5 CGO/sec, 1.4/0.3 %(u/s)time, 0.0 %gc (1x), 2.2 KiB/2.2 KiB (r/w)net
I200612 21:04:18.543637 264 server/status/runtime.go:498  [n1] runtime stats: 175 MiB RSS, 181 goroutines, 63 MiB/55 MiB/114 MiB GO alloc/idle/total, 29 MiB/39 MiB CGO alloc/total, 30.5 CGO/sec, 1.3/0.3 %(u/s)time, 0.0 %gc (0x), 25 KiB/25 KiB (r/w)net
I200612 21:04:28.544263 264 server/status/runtime.go:498  [n1] runtime stats: 175 MiB RSS, 182 goroutines, 70 MiB/49 MiB/114 MiB GO alloc/idle/total, 29 MiB/39 MiB CGO alloc/total, 30.5 CGO/sec, 1.3/0.3 %(u/s)time, 0.0 %gc (0x), 7.6 KiB/5.5 KiB (r/w)net
I200612 21:04:38.544162 264 server/status/runtime.go:498  [n1] runtime stats: 176 MiB RSS, 182 goroutines, 78 MiB/42 MiB/114 MiB GO alloc/idle/total, 29 MiB/39 MiB CGO alloc/total, 23.8 CGO/sec, 1.2/0.4 %(u/s)time, 0.0 %gc (0x), 1.7 KiB/2.0 KiB (r/w)net
I200612 21:04:48.533237 259 gossip/gossip.go:567  [n1] gossip status (ok, 1 node)
gossip client (0/3 cur/max conns)
gossip server (0/3 cur/max conns, infos 0/0 sent/received, bytes 0B/0B sent/received)
I200612 21:04:48.543315 264 server/status/runtime.go:498  [n1] runtime stats: 176 MiB RSS, 184 goroutines, 85 MiB/36 MiB/114 MiB GO alloc/idle/total, 29 MiB/39 MiB CGO alloc/total, 24.6 CGO/sec, 1.6/0.1 %(u/s)time, 0.0 %gc (0x), 2.7 KiB/2.7 KiB (r/w)net
I200612 21:04:58.543672 264 server/status/runtime.go:498  [n1] runtime stats: 177 MiB RSS, 181 goroutines, 93 MiB/28 MiB/114 MiB GO alloc/idle/total, 29 MiB/39 MiB CGO alloc/total, 60.7 CGO/sec, 1.5/0.3 %(u/s)time, 0.0 %gc (0x), 311 KiB/37 KiB (r/w)net
I200612 21:05:08.544452 264 server/status/runtime.go:498  [n1] runtime stats: 177 MiB RSS, 181 goroutines, 54 MiB/63 MiB/114 MiB GO alloc/idle/total, 29 MiB/39 MiB CGO alloc/total, 23.6 CGO/sec, 1.6/0.1 %(u/s)time, 0.0 %gc (1x), 185 KiB/52 KiB (r/w)net
I200612 21:05:18.545134 264 server/status/runtime.go:498  [n1] runtime stats: 177 MiB RSS, 181 goroutines, 61 MiB/57 MiB/114 MiB GO alloc/idle/total, 29 MiB/39 MiB CGO alloc/total, 24.0 CGO/sec, 1.5/0.3 %(u/s)time, 0.0 %gc (0x), 34 KiB/11 KiB (r/w)net
I200612 21:05:28.544984 264 server/status/runtime.go:498  [n1] runtime stats: 177 MiB RSS, 182 goroutines, 68 MiB/51 MiB/114 MiB GO alloc/idle/total, 29 MiB/39 MiB CGO alloc/total, 26.7 CGO/sec, 1.3/0.3 %(u/s)time, 0.0 %gc (0x), 1.1 KiB/1.1 KiB (r/w)net
I200612 21:05:38.545925 264 server/status/runtime.go:498  [n1] runtime stats: 177 MiB RSS, 182 goroutines, 75 MiB/44 MiB/114 MiB GO alloc/idle/total, 29 MiB/39 MiB CGO alloc/total, 30.8 CGO/sec, 1.4/0.5 %(u/s)time, 0.0 %gc (0x), 1.7 KiB/2.1 KiB (r/w)net
I200612 21:05:48.533506 259 gossip/gossip.go:567  [n1] gossip status (ok, 1 node)
gossip client (0/3 cur/max conns)
gossip server (0/3 cur/max conns, infos 0/0 sent/received, bytes 0B/0B sent/received)
I200612 21:05:48.545853 264 server/status/runtime.go:498  [n1] runtime stats: 177 MiB RSS, 182 goroutines, 83 MiB/38 MiB/114 MiB GO alloc/idle/total, 29 MiB/39 MiB CGO alloc/total, 32.8 CGO/sec, 1.7/0.4 %(u/s)time, 0.0 %gc (0x), 7.9 KiB/6.1 KiB (r/w)net
I200612 21:05:58.545927 264 server/status/runtime.go:498  [n1] runtime stats: 178 MiB RSS, 181 goroutines, 91 MiB/30 MiB/114 MiB GO alloc/idle/total, 29 MiB/39 MiB CGO alloc/total, 59.9 CGO/sec, 2.1/0.2 %(u/s)time, 0.0 %gc (0x), 1.9 KiB/2.1 KiB (r/w)net
W200612 21:06:03.285651 184 kv/kvserver/store_raft.go:508  [n1,s1,r3/1:/System/{NodeLive…-tsd}] handle raft ready: 0.5s [applied=1, batches=1, state_assertions=0]
I200612 21:06:08.534750 258 kv/kvserver/store.go:2470  [n1,s1] sstables (read amplification = 1):
0 [ 326K 1 ]: 326K
I200612 21:06:08.535085 258 kv/kvserver/store.go:2471  [n1,s1] 
** Compaction Stats [default] **
Level    Files   Size     Score Read(GB)  Rn(GB) Rnp1(GB) Write(GB) Wnew(GB) Moved(GB) W-Amp Rd(MB/s) Wr(MB/s) Comp(sec) CompMergeCPU(sec) Comp(cnt) Avg(sec) KeyIn KeyDrop
----------------------------------------------------------------------------------------------------------------------------------------------------------------------------
  L0      1/0   326.00 KB   0.5      0.0     0.0      0.0       0.0      0.0       0.0   1.8      0.3      0.6      1.22              0.02         2    0.608    7948   4761
 Sum      1/0   326.00 KB   0.0      0.0     0.0      0.0       0.0      0.0       0.0   1.8      0.3      0.6      1.22              0.02         2    0.608    7948   4761
 Int      0/0    0.00 KB   0.0      0.0     0.0      0.0       0.0      0.0       0.0   0.0      0.0      0.0      0.00              0.00         0    0.000       0      0

** Compaction Stats [default] **
Priority    Files   Size     Score Read(GB)  Rn(GB) Rnp1(GB) Write(GB) Wnew(GB) Moved(GB) W-Amp Rd(MB/s) Wr(MB/s) Comp(sec) CompMergeCPU(sec) Comp(cnt) Avg(sec) KeyIn KeyDrop
-------------------------------------------------------------------------------------------------------------------------------------------------------------------------------
 Low      0/0    0.00 KB   0.0      0.0     0.0      0.0       0.0     -0.0       0.0   0.0      0.7      0.6      0.55              0.02         1    0.548    7948   4761
User      0/0    0.00 KB   0.0      0.0     0.0      0.0       0.0      0.0       0.0   0.0      0.0      0.6      0.67              0.00         1    0.668       0      0
Uptime(secs): 623.0 total, 600.0 interval
Flush(GB): cumulative 0.000, interval 0.000
AddFile(GB): cumulative 0.000, interval 0.000
AddFile(Total Files): cumulative 0, interval 0
AddFile(L0 Files): cumulative 0, interval 0
AddFile(Keys): cumulative 0, interval 0
Cumulative compaction: 0.00 GB write, 0.00 MB/s write, 0.00 GB read, 0.00 MB/s read, 1.2 seconds
Interval compaction: 0.00 GB write, 0.00 MB/s write, 0.00 GB read, 0.00 MB/s read, 0.0 seconds
Stalls(count): 0 level0_slowdown, 0 level0_slowdown_with_compaction, 0 level0_numfiles, 0 level0_numfiles_with_compaction, 0 stop for pending_compaction_bytes, 0 slowdown for pending_compaction_bytes, 0 memtable_compaction, 0 memtable_slowdown, interval 0 total count
estimated_pending_compaction_bytes: 0 B
I200612 21:06:08.545761 264 server/status/runtime.go:498  [n1] runtime stats: 178 MiB RSS, 181 goroutines, 52 MiB/65 MiB/114 MiB GO alloc/idle/total, 29 MiB/39 MiB CGO alloc/total, 27.8 CGO/sec, 1.9/0.2 %(u/s)time, 0.0 %gc (1x), 12 KiB/9.9 KiB (r/w)net
I200612 21:06:18.545753 264 server/status/runtime.go:498  [n1] runtime stats: 178 MiB RSS, 182 goroutines, 59 MiB/59 MiB/114 MiB GO alloc/idle/total, 29 MiB/39 MiB CGO alloc/total, 24.9 CGO/sec, 1.4/0.4 %(u/s)time, 0.0 %gc (0x), 2.4 KiB/2.8 KiB (r/w)net
I200612 21:06:28.546437 264 server/status/runtime.go:498  [n1] runtime stats: 178 MiB RSS, 182 goroutines, 66 MiB/53 MiB/114 MiB GO alloc/idle/total, 29 MiB/39 MiB CGO alloc/total, 33.1 CGO/sec, 1.2/0.5 %(u/s)time, 0.0 %gc (0x), 7.1 KiB/4.9 KiB (r/w)net
I200612 21:06:38.547042 264 server/status/runtime.go:498  [n1] runtime stats: 179 MiB RSS, 182 goroutines, 73 MiB/46 MiB/114 MiB GO alloc/idle/total, 29 MiB/39 MiB CGO alloc/total, 23.3 CGO/sec, 1.3/0.2 %(u/s)time, 0.0 %gc (0x), 49 KiB/22 KiB (r/w)net
I200612 21:06:48.533435 259 gossip/gossip.go:567  [n1] gossip status (ok, 1 node)
gossip client (0/3 cur/max conns)
gossip server (0/3 cur/max conns, infos 0/0 sent/received, bytes 0B/0B sent/received)
I200612 21:06:48.547128 264 server/status/runtime.go:498  [n1] runtime stats: 179 MiB RSS, 182 goroutines, 80 MiB/40 MiB/114 MiB GO alloc/idle/total, 29 MiB/39 MiB CGO alloc/total, 25.9 CGO/sec, 1.8/0.2 %(u/s)time, 0.0 %gc (0x), 1.7 KiB/1.7 KiB (r/w)net
I200612 21:06:58.547098 264 server/status/runtime.go:498  [n1] runtime stats: 179 MiB RSS, 181 goroutines, 88 MiB/33 MiB/114 MiB GO alloc/idle/total, 29 MiB/39 MiB CGO alloc/total, 52.4 CGO/sec, 1.7/0.5 %(u/s)time, 0.0 %gc (0x), 1.6 KiB/1.9 KiB (r/w)net
I200612 21:07:08.547187 264 server/status/runtime.go:498  [n1] runtime stats: 179 MiB RSS, 181 goroutines, 95 MiB/26 MiB/114 MiB GO alloc/idle/total, 29 MiB/39 MiB CGO alloc/total, 27.1 CGO/sec, 1.4/0.5 %(u/s)time, 0.0 %gc (0x), 9.4 KiB/8.6 KiB (r/w)net
I200612 21:07:18.547413 264 server/status/runtime.go:498  [n1] runtime stats: 181 MiB RSS, 181 goroutines, 54 MiB/62 MiB/114 MiB GO alloc/idle/total, 37 MiB/47 MiB CGO alloc/total, 28.0 CGO/sec, 1.7/0.4 %(u/s)time, 0.0 %gc (1x), 2.2 KiB/2.4 KiB (r/w)net
I200612 21:07:28.548165 264 server/status/runtime.go:498  [n1] runtime stats: 181 MiB RSS, 182 goroutines, 62 MiB/56 MiB/114 MiB GO alloc/idle/total, 37 MiB/47 MiB CGO alloc/total, 28.6 CGO/sec, 1.6/0.3 %(u/s)time, 0.0 %gc (0x), 1.1 KiB/1.1 KiB (r/w)net
I200612 21:07:38.548290 264 server/status/runtime.go:498  [n1] runtime stats: 182 MiB RSS, 182 goroutines, 69 MiB/50 MiB/114 MiB GO alloc/idle/total, 37 MiB/47 MiB CGO alloc/total, 25.4 CGO/sec, 1.6/0.1 %(u/s)time, 0.0 %gc (0x), 1.9 KiB/2.3 KiB (r/w)net
I200612 21:07:48.533493 259 gossip/gossip.go:567  [n1] gossip status (ok, 1 node)
gossip client (0/3 cur/max conns)
gossip server (0/3 cur/max conns, infos 0/0 sent/received, bytes 0B/0B sent/received)
I200612 21:07:48.547737 264 server/status/runtime.go:498  [n1] runtime stats: 182 MiB RSS, 184 goroutines, 76 MiB/43 MiB/114 MiB GO alloc/idle/total, 37 MiB/47 MiB CGO alloc/total, 23.0 CGO/sec, 1.5/0.4 %(u/s)time, 0.0 %gc (0x), 2.5 KiB/4.0 KiB (r/w)net
I200612 21:07:58.547431 264 server/status/runtime.go:498  [n1] runtime stats: 182 MiB RSS, 181 goroutines, 84 MiB/36 MiB/114 MiB GO alloc/idle/total, 37 MiB/47 MiB CGO alloc/total, 55.7 CGO/sec, 1.8/0.1 %(u/s)time, 0.0 %gc (0x), 7.3 KiB/6.3 KiB (r/w)net
I200612 21:08:08.547897 264 server/status/runtime.go:498  [n1] runtime stats: 182 MiB RSS, 181 goroutines, 92 MiB/30 MiB/114 MiB GO alloc/idle/total, 37 MiB/47 MiB CGO alloc/total, 27.7 CGO/sec, 1.5/0.1 %(u/s)time, 0.0 %gc (0x), 16 KiB/8.8 KiB (r/w)net
I200612 21:08:18.548602 264 server/status/runtime.go:498  [n1] runtime stats: 183 MiB RSS, 181 goroutines, 52 MiB/64 MiB/114 MiB GO alloc/idle/total, 37 MiB/47 MiB CGO alloc/total, 34.0 CGO/sec, 2.0/0.3 %(u/s)time, 0.0 %gc (1x), 12 KiB/12 KiB (r/w)net
I200612 21:08:28.549116 264 server/status/runtime.go:498  [n1] runtime stats: 183 MiB RSS, 182 goroutines, 60 MiB/58 MiB/114 MiB GO alloc/idle/total, 36 MiB/47 MiB CGO alloc/total, 26.3 CGO/sec, 1.4/0.4 %(u/s)time, 0.0 %gc (0x), 27 KiB/8.4 KiB (r/w)net
I200612 21:08:38.549478 264 server/status/runtime.go:498  [n1] runtime stats: 183 MiB RSS, 182 goroutines, 67 MiB/52 MiB/114 MiB GO alloc/idle/total, 36 MiB/47 MiB CGO alloc/total, 27.8 CGO/sec, 1.4/0.5 %(u/s)time, 0.0 %gc (0x), 1.6 KiB/1.6 KiB (r/w)net
I200612 21:08:48.533469 259 gossip/gossip.go:567  [n1] gossip status (ok, 1 node)
gossip client (0/3 cur/max conns)
gossip server (0/3 cur/max conns, infos 0/0 sent/received, bytes 0B/0B sent/received)
I200612 21:08:48.549773 264 server/status/runtime.go:498  [n1] runtime stats: 183 MiB RSS, 182 goroutines, 74 MiB/45 MiB/114 MiB GO alloc/idle/total, 36 MiB/47 MiB CGO alloc/total, 24.0 CGO/sec, 1.5/0.5 %(u/s)time, 0.0 %gc (0x), 4.6 KiB/7.0 KiB (r/w)net
I200612 21:08:58.549323 264 server/status/runtime.go:498  [n1] runtime stats: 183 MiB RSS, 181 goroutines, 82 MiB/38 MiB/114 MiB GO alloc/idle/total, 36 MiB/47 MiB CGO alloc/total, 54.2 CGO/sec, 2.1/0.4 %(u/s)time, 0.0 %gc (0x), 1.4 KiB/1.4 KiB (r/w)net
I200612 21:09:08.550551 264 server/status/runtime.go:498  [n1] runtime stats: 183 MiB RSS, 181 goroutines, 89 MiB/32 MiB/114 MiB GO alloc/idle/total, 36 MiB/47 MiB CGO alloc/total, 23.6 CGO/sec, 1.6/0.3 %(u/s)time, 0.0 %gc (0x), 1.2 KiB/1.6 KiB (r/w)net
I200612 21:09:18.549209 264 server/status/runtime.go:498  [n1] runtime stats: 183 MiB RSS, 181 goroutines, 50 MiB/66 MiB/114 MiB GO alloc/idle/total, 36 MiB/47 MiB CGO alloc/total, 30.6 CGO/sec, 2.3/0.4 %(u/s)time, 0.0 %gc (1x), 2.2 KiB/2.1 KiB (r/w)net
I200612 21:09:28.550789 264 server/status/runtime.go:498  [n1] runtime stats: 184 MiB RSS, 182 goroutines, 57 MiB/60 MiB/114 MiB GO alloc/idle/total, 36 MiB/47 MiB CGO alloc/total, 33.0 CGO/sec, 1.7/0.3 %(u/s)time, 0.0 %gc (0x), 7.4 KiB/5.7 KiB (r/w)net
I200612 21:09:38.551082 264 server/status/runtime.go:498  [n1] runtime stats: 184 MiB RSS, 182 goroutines, 64 MiB/54 MiB/114 MiB GO alloc/idle/total, 36 MiB/47 MiB CGO alloc/total, 23.6 CGO/sec, 1.6/0.4 %(u/s)time, 0.0 %gc (0x), 1.2 KiB/1.6 KiB (r/w)net
I200612 21:09:48.533464 259 gossip/gossip.go:567  [n1] gossip status (ok, 1 node)
gossip client (0/3 cur/max conns)
gossip server (0/3 cur/max conns, infos 0/0 sent/received, bytes 0B/0B sent/received)
I200612 21:09:48.551091 264 server/status/runtime.go:498  [n1] runtime stats: 184 MiB RSS, 182 goroutines, 71 MiB/48 MiB/114 MiB GO alloc/idle/total, 36 MiB/47 MiB CGO alloc/total, 25.9 CGO/sec, 1.8/0.4 %(u/s)time, 0.0 %gc (0x), 2.2 KiB/2.1 KiB (r/w)net
I200612 21:09:58.551763 264 server/status/runtime.go:498  [n1] runtime stats: 184 MiB RSS, 181 goroutines, 79 MiB/41 MiB/114 MiB GO alloc/idle/total, 36 MiB/47 MiB CGO alloc/total, 54.8 CGO/sec, 1.9/0.5 %(u/s)time, 0.0 %gc (0x), 1.2 KiB/1.2 KiB (r/w)net
I200612 21:10:08.551961 264 server/status/runtime.go:498  [n1] runtime stats: 184 MiB RSS, 181 goroutines, 86 MiB/35 MiB/114 MiB GO alloc/idle/total, 36 MiB/47 MiB CGO alloc/total, 25.5 CGO/sec, 1.5/0.2 %(u/s)time, 0.0 %gc (0x), 12 KiB/11 KiB (r/w)net
I200612 21:10:18.551909 264 server/status/runtime.go:498  [n1] runtime stats: 184 MiB RSS, 181 goroutines, 93 MiB/28 MiB/114 MiB GO alloc/idle/total, 36 MiB/47 MiB CGO alloc/total, 25.9 CGO/sec, 1.6/0.5 %(u/s)time, 0.0 %gc (0x), 5.5 KiB/7.4 KiB (r/w)net
I200612 21:10:28.552101 264 server/status/runtime.go:498  [n1] runtime stats: 185 MiB RSS, 182 goroutines, 55 MiB/62 MiB/114 MiB GO alloc/idle/total, 36 MiB/47 MiB CGO alloc/total, 28.1 CGO/sec, 2.1/0.3 %(u/s)time, 0.0 %gc (1x), 1.2 KiB/1.2 KiB (r/w)net
I200612 21:10:38.551623 264 server/status/runtime.go:498  [n1] runtime stats: 185 MiB RSS, 182 goroutines, 62 MiB/56 MiB/114 MiB GO alloc/idle/total, 36 MiB/47 MiB CGO alloc/total, 21.7 CGO/sec, 1.5/0.3 %(u/s)time, 0.0 %gc (0x), 2.3 KiB/3.4 KiB (r/w)net
I200612 21:10:48.533270 259 gossip/gossip.go:567  [n1] gossip status (ok, 1 node)
gossip client (0/3 cur/max conns)
gossip server (0/3 cur/max conns, infos 0/0 sent/received, bytes 0B/0B sent/received)
I200612 21:10:48.551539 264 server/status/runtime.go:498  [n1] runtime stats: 185 MiB RSS, 182 goroutines, 69 MiB/50 MiB/114 MiB GO alloc/idle/total, 36 MiB/47 MiB CGO alloc/total, 27.7 CGO/sec, 1.2/0.6 %(u/s)time, 0.0 %gc (0x), 7.0 KiB/4.2 KiB (r/w)net
I200612 21:10:58.551451 264 server/status/runtime.go:498  [n1] runtime stats: 185 MiB RSS, 181 goroutines, 77 MiB/43 MiB/114 MiB GO alloc/idle/total, 36 MiB/47 MiB CGO alloc/total, 63.4 CGO/sec, 1.9/0.3 %(u/s)time, 0.0 %gc (0x), 36 KiB/10 KiB (r/w)net
I200612 21:11:08.552761 264 server/status/runtime.go:498  [n1] runtime stats: 186 MiB RSS, 181 goroutines, 84 MiB/37 MiB/114 MiB GO alloc/idle/total, 36 MiB/47 MiB CGO alloc/total, 26.1 CGO/sec, 1.3/0.6 %(u/s)time, 0.0 %gc (0x), 2.3 KiB/4.1 KiB (r/w)net
I200612 21:11:18.553060 264 server/status/runtime.go:498  [n1] runtime stats: 186 MiB RSS, 181 goroutines, 91 MiB/30 MiB/114 MiB GO alloc/idle/total, 35 MiB/47 MiB CGO alloc/total, 25.9 CGO/sec, 1.5/0.5 %(u/s)time, 0.0 %gc (0x), 2.9 KiB/3.6 KiB (r/w)net
I200612 21:11:28.551738 264 server/status/runtime.go:498  [n1] runtime stats: 186 MiB RSS, 182 goroutines, 52 MiB/65 MiB/114 MiB GO alloc/idle/total, 35 MiB/47 MiB CGO alloc/total, 25.8 CGO/sec, 1.9/0.2 %(u/s)time, 0.0 %gc (1x), 6.1 KiB/3.6 KiB (r/w)net
I200612 21:11:38.552649 264 server/status/runtime.go:498  [n1] runtime stats: 187 MiB RSS, 182 goroutines, 59 MiB/58 MiB/114 MiB GO alloc/idle/total, 35 MiB/47 MiB CGO alloc/total, 32.0 CGO/sec, 1.6/0.3 %(u/s)time, 0.0 %gc (0x), 1.9 KiB/2.6 KiB (r/w)net
I200612 21:11:48.533360 259 gossip/gossip.go:567  [n1] gossip status (ok, 1 node)
gossip client (0/3 cur/max conns)
gossip server (0/3 cur/max conns, infos 0/0 sent/received, bytes 0B/0B sent/received)
I200612 21:11:48.553456 264 server/status/runtime.go:498  [n1] runtime stats: 187 MiB RSS, 182 goroutines, 66 MiB/52 MiB/114 MiB GO alloc/idle/total, 35 MiB/47 MiB CGO alloc/total, 23.3 CGO/sec, 1.2/0.4 %(u/s)time, 0.0 %gc (0x), 7.3 KiB/5.3 KiB (r/w)net
I200612 21:11:58.552946 264 server/status/runtime.go:498  [n1] runtime stats: 188 MiB RSS, 181 goroutines, 74 MiB/46 MiB/114 MiB GO alloc/idle/total, 35 MiB/47 MiB CGO alloc/total, 55.1 CGO/sec, 1.9/0.2 %(u/s)time, 0.0 %gc (0x), 38 KiB/12 KiB (r/w)net
I200612 21:12:08.553434 264 server/status/runtime.go:498  [n1] runtime stats: 188 MiB RSS, 181 goroutines, 81 MiB/39 MiB/114 MiB GO alloc/idle/total, 35 MiB/47 MiB CGO alloc/total, 23.3 CGO/sec, 1.2/0.3 %(u/s)time, 0.0 %gc (0x), 31 KiB/15 KiB (r/w)net
I200612 21:12:18.553691 264 server/status/runtime.go:498  [n1] runtime stats: 188 MiB RSS, 181 goroutines, 88 MiB/33 MiB/114 MiB GO alloc/idle/total, 35 MiB/47 MiB CGO alloc/total, 26.8 CGO/sec, 1.6/0.3 %(u/s)time, 0.0 %gc (0x), 2.9 KiB/4.0 KiB (r/w)net
I200612 21:12:28.553586 264 server/status/runtime.go:498  [n1] runtime stats: 188 MiB RSS, 182 goroutines, 96 MiB/26 MiB/114 MiB GO alloc/idle/total, 35 MiB/47 MiB CGO alloc/total, 31.5 CGO/sec, 1.5/0.4 %(u/s)time, 0.0 %gc (0x), 2.4 KiB/4.5 KiB (r/w)net
I200612 21:12:38.554153 264 server/status/runtime.go:498  [n1] runtime stats: 189 MiB RSS, 182 goroutines, 55 MiB/62 MiB/114 MiB GO alloc/idle/total, 35 MiB/47 MiB CGO alloc/total, 25.4 CGO/sec, 1.7/0.3 %(u/s)time, 0.0 %gc (1x), 8.2 KiB/3.6 KiB (r/w)net
I200612 21:12:48.533440 259 gossip/gossip.go:567  [n1] gossip status (ok, 1 node)
gossip client (0/3 cur/max conns)
gossip server (0/3 cur/max conns, infos 0/0 sent/received, bytes 0B/0B sent/received)
I200612 21:12:48.554343 264 server/status/runtime.go:498  [n1] runtime stats: 189 MiB RSS, 183 goroutines, 62 MiB/56 MiB/114 MiB GO alloc/idle/total, 35 MiB/47 MiB CGO alloc/total, 26.6 CGO/sec, 1.4/0.5 %(u/s)time, 0.0 %gc (0x), 16 KiB/6.8 KiB (r/w)net
I200612 21:12:58.555067 264 server/status/runtime.go:498  [n1] runtime stats: 189 MiB RSS, 181 goroutines, 70 MiB/49 MiB/114 MiB GO alloc/idle/total, 43 MiB/55 MiB CGO alloc/total, 54.2 CGO/sec, 2.0/0.4 %(u/s)time, 0.0 %gc (0x), 1.9 KiB/2.6 KiB (r/w)net
I200612 21:13:08.553996 264 server/status/runtime.go:498  [n1] runtime stats: 189 MiB RSS, 181 goroutines, 77 MiB/43 MiB/114 MiB GO alloc/idle/total, 43 MiB/55 MiB CGO alloc/total, 28.6 CGO/sec, 1.2/0.5 %(u/s)time, 0.0 %gc (0x), 2.7 KiB/4.6 KiB (r/w)net
I200612 21:13:18.554512 264 server/status/runtime.go:498  [n1] runtime stats: 190 MiB RSS, 181 goroutines, 84 MiB/36 MiB/114 MiB GO alloc/idle/total, 43 MiB/55 MiB CGO alloc/total, 26.1 CGO/sec, 1.7/0.3 %(u/s)time, 0.0 %gc (0x), 3.7 KiB/7.5 KiB (r/w)net
I200612 21:13:28.555180 264 server/status/runtime.go:498  [n1] runtime stats: 190 MiB RSS, 182 goroutines, 92 MiB/29 MiB/114 MiB GO alloc/idle/total, 43 MiB/55 MiB CGO alloc/total, 36.5 CGO/sec, 1.6/0.3 %(u/s)time, 0.0 %gc (0x), 8.1 KiB/5.3 KiB (r/w)net
I200612 21:13:38.555371 264 server/status/runtime.go:498  [n1] runtime stats: 190 MiB RSS, 182 goroutines, 52 MiB/64 MiB/114 MiB GO alloc/idle/total, 42 MiB/55 MiB CGO alloc/total, 27.3 CGO/sec, 1.7/0.3 %(u/s)time, 0.0 %gc (1x), 6.1 KiB/4.0 KiB (r/w)net
I200612 21:13:48.533430 259 gossip/gossip.go:567  [n1] gossip status (ok, 1 node)
gossip client (0/3 cur/max conns)
gossip server (0/3 cur/max conns, infos 0/0 sent/received, bytes 0B/0B sent/received)
I200612 21:13:48.554912 264 server/status/runtime.go:498  [n1] runtime stats: 190 MiB RSS, 183 goroutines, 59 MiB/58 MiB/114 MiB GO alloc/idle/total, 42 MiB/55 MiB CGO alloc/total, 25.1 CGO/sec, 1.3/0.4 %(u/s)time, 0.0 %gc (0x), 7.7 KiB/5.7 KiB (r/w)net
I200612 21:13:58.555725 264 server/status/runtime.go:498  [n1] runtime stats: 191 MiB RSS, 181 goroutines, 67 MiB/52 MiB/114 MiB GO alloc/idle/total, 42 MiB/55 MiB CGO alloc/total, 53.9 CGO/sec, 1.8/0.3 %(u/s)time, 0.0 %gc (0x), 1.3 KiB/1.3 KiB (r/w)net
I200612 21:14:08.555375 264 server/status/runtime.go:498  [n1] runtime stats: 191 MiB RSS, 181 goroutines, 74 MiB/46 MiB/114 MiB GO alloc/idle/total, 42 MiB/55 MiB CGO alloc/total, 25.6 CGO/sec, 1.4/0.3 %(u/s)time, 0.0 %gc (0x), 7.3 KiB/5.8 KiB (r/w)net
I200612 21:14:18.555017 264 server/status/runtime.go:498  [n1] runtime stats: 192 MiB RSS, 181 goroutines, 81 MiB/39 MiB/114 MiB GO alloc/idle/total, 42 MiB/55 MiB CGO alloc/total, 28.0 CGO/sec, 1.4/0.2 %(u/s)time, 0.0 %gc (0x), 3.0 KiB/3.5 KiB (r/w)net
I200612 21:14:28.556740 264 server/status/runtime.go:498  [n1] runtime stats: 192 MiB RSS, 182 goroutines, 88 MiB/33 MiB/114 MiB GO alloc/idle/total, 42 MiB/55 MiB CGO alloc/total, 28.6 CGO/sec, 1.7/0.4 %(u/s)time, 0.0 %gc (0x), 36 KiB/10 KiB (r/w)net
I200612 21:14:38.557291 264 server/status/runtime.go:498  [n1] runtime stats: 192 MiB RSS, 182 goroutines, 95 MiB/26 MiB/114 MiB GO alloc/idle/total, 42 MiB/55 MiB CGO alloc/total, 29.0 CGO/sec, 1.7/0.2 %(u/s)time, 0.0 %gc (0x), 1.2 KiB/1.6 KiB (r/w)net
I200612 21:14:48.533444 259 gossip/gossip.go:567  [n1] gossip status (ok, 1 node)
gossip client (0/3 cur/max conns)
gossip server (0/3 cur/max conns, infos 0/0 sent/received, bytes 0B/0B sent/received)
I200612 21:14:48.556173 264 server/status/runtime.go:498  [n1] runtime stats: 192 MiB RSS, 182 goroutines, 54 MiB/62 MiB/114 MiB GO alloc/idle/total, 42 MiB/55 MiB CGO alloc/total, 26.1 CGO/sec, 2.0/0.2 %(u/s)time, 0.0 %gc (1x), 7.8 KiB/5.9 KiB (r/w)net
I200612 21:14:58.556347 264 server/status/runtime.go:498  [n1] runtime stats: 193 MiB RSS, 181 goroutines, 62 MiB/56 MiB/114 MiB GO alloc/idle/total, 42 MiB/55 MiB CGO alloc/total, 52.1 CGO/sec, 1.8/0.2 %(u/s)time, 0.0 %gc (0x), 1.3 KiB/1.3 KiB (r/w)net
I200612 21:15:08.557033 264 server/status/runtime.go:498  [n1] runtime stats: 193 MiB RSS, 181 goroutines, 70 MiB/50 MiB/114 MiB GO alloc/idle/total, 42 MiB/55 MiB CGO alloc/total, 25.6 CGO/sec, 1.4/0.4 %(u/s)time, 0.0 %gc (0x), 2.1 KiB/2.9 KiB (r/w)net
I200612 21:15:18.557144 264 server/status/runtime.go:498  [n1] runtime stats: 193 MiB RSS, 181 goroutines, 77 MiB/43 MiB/114 MiB GO alloc/idle/total, 42 MiB/55 MiB CGO alloc/total, 28.5 CGO/sec, 1.5/0.5 %(u/s)time, 0.0 %gc (0x), 9.0 KiB/9.1 KiB (r/w)net
I200612 21:15:28.557020 264 server/status/runtime.go:498  [n1] runtime stats: 193 MiB RSS, 182 goroutines, 84 MiB/37 MiB/114 MiB GO alloc/idle/total, 41 MiB/55 MiB CGO alloc/total, 27.4 CGO/sec, 1.3/0.2 %(u/s)time, 0.0 %gc (0x), 2.1 KiB/2.0 KiB (r/w)net
I200612 21:15:38.557048 264 server/status/runtime.go:498  [n1] runtime stats: 194 MiB RSS, 182 goroutines, 91 MiB/30 MiB/114 MiB GO alloc/idle/total, 41 MiB/55 MiB CGO alloc/total, 24.5 CGO/sec, 1.5/0.4 %(u/s)time, 0.0 %gc (0x), 1.4 KiB/1.7 KiB (r/w)net
I200612 21:15:48.533263 259 gossip/gossip.go:567  [n1] gossip status (ok, 1 node)
gossip client (0/3 cur/max conns)
gossip server (0/3 cur/max conns, infos 0/0 sent/received, bytes 0B/0B sent/received)
I200612 21:15:48.556930 264 server/status/runtime.go:498  [n1] runtime stats: 194 MiB RSS, 183 goroutines, 51 MiB/66 MiB/114 MiB GO alloc/idle/total, 41 MiB/55 MiB CGO alloc/total, 36.8 CGO/sec, 1.9/0.4 %(u/s)time, 0.0 %gc (1x), 20 KiB/9.5 KiB (r/w)net
I200612 21:15:58.558805 264 server/status/runtime.go:498  [n1] runtime stats: 194 MiB RSS, 181 goroutines, 59 MiB/59 MiB/114 MiB GO alloc/idle/total, 41 MiB/55 MiB CGO alloc/total, 57.4 CGO/sec, 2.3/0.2 %(u/s)time, 0.0 %gc (0x), 64 KiB/9.8 KiB (r/w)net
I200612 21:16:08.534552 258 kv/kvserver/store.go:2470  [n1,s1] sstables (read amplification = 1):
0 [ 326K 1 ]: 326K
I200612 21:16:08.534847 258 kv/kvserver/store.go:2471  [n1,s1] 
** Compaction Stats [default] **
Level    Files   Size     Score Read(GB)  Rn(GB) Rnp1(GB) Write(GB) Wnew(GB) Moved(GB) W-Amp Rd(MB/s) Wr(MB/s) Comp(sec) CompMergeCPU(sec) Comp(cnt) Avg(sec) KeyIn KeyDrop
----------------------------------------------------------------------------------------------------------------------------------------------------------------------------
  L0      1/0   326.00 KB   0.5      0.0     0.0      0.0       0.0      0.0       0.0   1.8      0.3      0.6      1.22              0.02         2    0.608    7948   4761
 Sum      1/0   326.00 KB   0.0      0.0     0.0      0.0       0.0      0.0       0.0   1.8      0.3      0.6      1.22              0.02         2    0.608    7948   4761
 Int      0/0    0.00 KB   0.0      0.0     0.0      0.0       0.0      0.0       0.0   0.0      0.0      0.0      0.00              0.00         0    0.000       0      0

** Compaction Stats [default] **
Priority    Files   Size     Score Read(GB)  Rn(GB) Rnp1(GB) Write(GB) Wnew(GB) Moved(GB) W-Amp Rd(MB/s) Wr(MB/s) Comp(sec) CompMergeCPU(sec) Comp(cnt) Avg(sec) KeyIn KeyDrop
-------------------------------------------------------------------------------------------------------------------------------------------------------------------------------
 Low      0/0    0.00 KB   0.0      0.0     0.0      0.0       0.0     -0.0       0.0   0.0      0.7      0.6      0.55              0.02         1    0.548    7948   4761
User      0/0    0.00 KB   0.0      0.0     0.0      0.0       0.0      0.0       0.0   0.0      0.0      0.6      0.67              0.00         1    0.668       0      0
Uptime(secs): 1223.0 total, 600.0 interval
Flush(GB): cumulative 0.000, interval 0.000
AddFile(GB): cumulative 0.000, interval 0.000
AddFile(Total Files): cumulative 0, interval 0
AddFile(L0 Files): cumulative 0, interval 0
AddFile(Keys): cumulative 0, interval 0
Cumulative compaction: 0.00 GB write, 0.00 MB/s write, 0.00 GB read, 0.00 MB/s read, 1.2 seconds
Interval compaction: 0.00 GB write, 0.00 MB/s write, 0.00 GB read, 0.00 MB/s read, 0.0 seconds
Stalls(count): 0 level0_slowdown, 0 level0_slowdown_with_compaction, 0 level0_numfiles, 0 level0_numfiles_with_compaction, 0 stop for pending_compaction_bytes, 0 slowdown for pending_compaction_bytes, 0 memtable_compaction, 0 memtable_slowdown, interval 0 total count
estimated_pending_compaction_bytes: 0 B
I200612 21:16:08.558521 264 server/status/runtime.go:498  [n1] runtime stats: 194 MiB RSS, 181 goroutines, 67 MiB/53 MiB/114 MiB GO alloc/idle/total, 41 MiB/55 MiB CGO alloc/total, 32.0 CGO/sec, 1.7/0.2 %(u/s)time, 0.0 %gc (0x), 51 KiB/13 KiB (r/w)net
I200612 21:16:18.559053 264 server/status/runtime.go:498  [n1] runtime stats: 194 MiB RSS, 181 goroutines, 74 MiB/46 MiB/114 MiB GO alloc/idle/total, 41 MiB/55 MiB CGO alloc/total, 31.2 CGO/sec, 1.3/0.3 %(u/s)time, 0.0 %gc (0x), 27 KiB/30 KiB (r/w)net
I200612 21:16:28.559147 264 server/status/runtime.go:498  [n1] runtime stats: 195 MiB RSS, 182 goroutines, 81 MiB/40 MiB/114 MiB GO alloc/idle/total, 41 MiB/55 MiB CGO alloc/total, 26.0 CGO/sec, 1.7/0.2 %(u/s)time, 0.0 %gc (0x), 6.3 KiB/3.4 KiB (r/w)net
I200612 21:16:38.559523 264 server/status/runtime.go:498  [n1] runtime stats: 195 MiB RSS, 182 goroutines, 88 MiB/33 MiB/114 MiB GO alloc/idle/total, 41 MiB/55 MiB CGO alloc/total, 25.9 CGO/sec, 1.8/0.3 %(u/s)time, 0.0 %gc (0x), 1.7 KiB/2.0 KiB (r/w)net
I200612 21:16:48.534063 259 gossip/gossip.go:567  [n1] gossip status (ok, 1 node)
gossip client (0/3 cur/max conns)
gossip server (0/3 cur/max conns, infos 0/0 sent/received, bytes 0B/0B sent/received)
I200612 21:16:48.558413 264 server/status/runtime.go:498  [n1] runtime stats: 195 MiB RSS, 184 goroutines, 50 MiB/65 MiB/114 MiB GO alloc/idle/total, 41 MiB/55 MiB CGO alloc/total, 25.4 CGO/sec, 2.2/0.4 %(u/s)time, 0.0 %gc (1x), 2.6 KiB/2.5 KiB (r/w)net
I200612 21:16:58.559446 264 server/status/runtime.go:498  [n1] runtime stats: 195 MiB RSS, 181 goroutines, 58 MiB/60 MiB/114 MiB GO alloc/idle/total, 41 MiB/55 MiB CGO alloc/total, 56.2 CGO/sec, 1.7/0.7 %(u/s)time, 0.0 %gc (0x), 1.5 KiB/1.7 KiB (r/w)net
